<?xml version="1.0" encoding="UTF-8"?>
<!-- Generated by org.testng.reporters.JUnitReportReporter -->
<testsuite hostname="Apples-MacBook-Pro.local" failures="0" tests="1" name="com.qa.tests.LoginTests" time="23.827" errors="0" timestamp="2024-11-07T16:06:33 IST" skipped="0">
  <testcase classname="com.qa.tests.LoginTests" name="successfulLogin" time="23.827"/>
</testsuite> <!-- com.qa.tests.LoginTests -->
